<?xml version="1.0" encoding="UTF-8" ?>
<testsuite tests="4" failures="0" name="NewClass" time="0.11" errors="0" skipped="0">
  <properties>
    <property name="java.runtime.name" value="OpenJDK Runtime Environment"/>
    <property name="java.vm.version" value="11.0.7+10"/>
    <property name="sun.boot.library.path" value="/Library/Java/JavaVirtualMachines/adoptopenjdk-11.jdk/Contents/Home/lib"/>
    <property name="gopherProxySet" value="false"/>
    <property name="maven.multiModuleProjectDirectory" value="/Users/daniel2402/Desktop/dev/Java/tallerpolimorfismo"/>
    <property name="java.vm.vendor" value="AdoptOpenJDK"/>
    <property name="java.vendor.url" value="https://adoptopenjdk.net/"/>
    <property name="guice.disable.misplaced.annotation.check" value="true"/>
    <property name="path.separator" value=":"/>
    <property name="java.vm.name" value="OpenJDK 64-Bit Server VM"/>
    <property name="sun.os.patch.level" value="unknown"/>
    <property name="user.country" value="CO"/>
    <property name="sun.java.launcher" value="SUN_STANDARD"/>
    <property name="test" value="NewClass"/>
    <property name="java.vm.specification.name" value="Java Virtual Machine Specification"/>
    <property name="user.dir" value="/Users/daniel2402/Desktop/dev/Java/tallerpolimorfismo"/>
    <property name="java.vm.compressedOopsMode" value="Zero based"/>
    <property name="java.runtime.version" value="11.0.7+10"/>
    <property name="java.awt.graphicsenv" value="sun.awt.CGraphicsEnvironment"/>
    <property name="os.arch" value="x86_64"/>
    <property name="java.io.tmpdir" value="/var/folders/8k/1qn1k4ss4nl3_j2r52n25t5m0000gn/T/"/>
    <property name="line.separator" value="
"/>
    <property name="java.vm.specification.vendor" value="Oracle Corporation"/>
    <property name="os.name" value="Mac OS X"/>
    <property name="maven.ext.class.path" value="/Applications/NetBeans/Apache NetBeans 11.3.app/Contents/Resources/NetBeans/netbeans/java/maven-nblib/netbeans-eventspy.jar"/>
    <property name="classworlds.conf" value="/Applications/NetBeans/Apache NetBeans 11.3.app/Contents/Resources/NetBeans/netbeans/java/maven/bin/m2.conf"/>
    <property name="sun.jnu.encoding" value="UTF-8"/>
    <property name="java.library.path" value="/Users/daniel2402/Library/Java/Extensions:/Library/Java/Extensions:/Network/Library/Java/Extensions:/System/Library/Java/Extensions:/usr/lib/java:."/>
    <property name="jdk.debug" value="release"/>
    <property name="java.class.version" value="55.0"/>
    <property name="java.specification.name" value="Java Platform API Specification"/>
    <property name="sun.management.compiler" value="HotSpot 64-Bit Tiered Compilers"/>
    <property name="os.version" value="10.14.6"/>
    <property name="http.nonProxyHosts" value="local|*.local|169.254/16|*.169.254/16"/>
    <property name="user.home" value="/Users/daniel2402"/>
    <property name="user.timezone" value="America/Bogota"/>
    <property name="java.awt.printerjob" value="sun.lwawt.macosx.CPrinterJob"/>
    <property name="file.encoding" value="UTF-8"/>
    <property name="java.specification.version" value="11"/>
    <property name="user.name" value="daniel2402"/>
    <property name="java.class.path" value="/Applications/NetBeans/Apache NetBeans 11.3.app/Contents/Resources/NetBeans/netbeans/java/maven/boot/plexus-classworlds-2.5.2.jar"/>
    <property name="java.vm.specification.version" value="11"/>
    <property name="sun.arch.data.model" value="64"/>
    <property name="sun.java.command" value="org.codehaus.plexus.classworlds.launcher.Launcher -Dtest=NewClass -Dmaven.ext.class.path=/Applications/NetBeans/Apache NetBeans 11.3.app/Contents/Resources/NetBeans/netbeans/java/maven-nblib/netbeans-eventspy.jar surefire:test"/>
    <property name="java.home" value="/Library/Java/JavaVirtualMachines/adoptopenjdk-11.jdk/Contents/Home"/>
    <property name="user.language" value="es"/>
    <property name="java.specification.vendor" value="Oracle Corporation"/>
    <property name="awt.toolkit" value="sun.lwawt.macosx.LWCToolkit"/>
    <property name="java.vm.info" value="mixed mode"/>
    <property name="java.version" value="11.0.7"/>
    <property name="java.vendor" value="AdoptOpenJDK"/>
    <property name="maven.home" value="/Applications/NetBeans/Apache NetBeans 11.3.app/Contents/Resources/NetBeans/netbeans/java/maven"/>
    <property name="file.separator" value="/"/>
    <property name="java.version.date" value="2020-04-14"/>
    <property name="java.vendor.url.bug" value="https://github.com/AdoptOpenJDK/openjdk-support/issues"/>
    <property name="sun.io.unicode.encoding" value="UnicodeBig"/>
    <property name="sun.cpu.endian" value="little"/>
    <property name="java.vendor.version" value="AdoptOpenJDK"/>
    <property name="socksNonProxyHosts" value="local|*.local|169.254/16|*.169.254/16"/>
    <property name="ftp.nonProxyHosts" value="local|*.local|169.254/16|*.169.254/16"/>
    <property name="sun.cpu.isalist" value=""/>
  </properties>
  <testcase classname="NewClass" name="testViajeIncentivo" time="0.083"/>
  <testcase classname="NewClass" name="testViajeTodoIncluido" time="0"/>
  <testcase classname="NewClass" name="testViajeIndividual" time="0.023"/>
  <testcase classname="NewClass" name="testViajeFamiliar" time="0.004"/>
</testsuite>